;  LST file generated by mikroListExporter - v.2.0 
; Date/Time: 25/10/2023 23:13:19
;----------------------------------------------

;Address Opcode 	ASM
0x0000	0xF000EF12  	GOTO        36
0x0004	0x0000      	NOP
0x0006	0x0000      	NOP
0x0008	0xF000EF00  	GOTO        0
0x000C	0x0000      	NOP
0x000E	0x0000      	NOP
0x0010	0x0000      	NOP
0x0012	0x0000      	NOP
0x0014	0x0000      	NOP
0x0016	0x0000      	NOP
0x0018	0xD7F3      	BRA         0
_soma:
;calculo.c,9 :: 		unsigned char soma(char _b, char _c)
;calculo.c,12 :: 		return _b+_c;
0x001C	0x5016      	MOVF        FARG_soma__c, 0 
0x001E	0x2415      	ADDWF       FARG_soma__b, 0 
0x0020	0x6E00      	MOVWF       R0 
;calculo.c,13 :: 		}
L_end_soma:
0x0022	0x0012      	RETURN      0
; end of _soma
_main:
;MyProject.c,39 :: 		void main() {   // a função main é void (não retorna valor) pois é a...
;MyProject.c,47 :: 		PORTB = soma(240,20);     // PORTB = 30;
0x0024	0x0EF0      	MOVLW       240
0x0026	0x6E15      	MOVWF       FARG_soma__b 
0x0028	0x0E14      	MOVLW       20
0x002A	0x6E16      	MOVWF       FARG_soma__c 
0x002C	0xDFF7      	RCALL       _soma
0x002E	0xFF81C000  	MOVFF       R0, PORTB
;MyProject.c,58 :: 		}
L_end_main:
0x0032	0xD7FF      	BRA         $+0
; end of _main
Symbol List:
//** Routines locations **
//ADDRESS    SIZE    PROCEDURE
//----------------------------------------------
0x001C       [8]    _soma
0x0024      [16]    _main
//** Variables locations ** 
//ADDRESS    SIZE    VARIABLE
//----------------------------------------------
0x0000       [1]    R0
0x0001       [1]    R1
0x0002       [1]    R2
0x0003       [1]    R3
0x0004       [1]    R4
0x0005       [1]    R5
0x0006       [1]    R6
0x0007       [1]    R7
0x0008       [1]    R8
0x0009       [1]    R9
0x000A       [1]    R10
0x000B       [1]    R11
0x000C       [1]    R12
0x000D       [1]    R13
0x000E       [1]    R14
0x000F       [1]    R15
0x0010       [1]    R16
0x0011       [1]    R17
0x0012       [1]    R18
0x0013       [1]    R19
0x0014       [1]    R20
0x0015       [1]    FARG_soma__b
0x0016       [1]    FARG_soma__c
0x0F81       [1]    PORTB
0x0FD8       [1]    STATUS
0x0FD9       [1]    FSR2L
0x0FDA       [1]    FSR2H
0x0FDE       [1]    POSTINC2
0x0FE0       [1]    BSR
0x0FE1       [1]    FSR1L
0x0FE2       [1]    FSR1H
0x0FE4       [1]    PREINC1
0x0FE6       [1]    POSTINC1
0x0FE7       [1]    INDF1
0x0FE8       [1]    WREG
0x0FE9       [1]    FSR0L
0x0FEA       [1]    FSR0H
0x0FEE       [1]    POSTINC0
0x0FF3       [1]    PRODL
0x0FF4       [1]    PRODH
0x0FF5       [1]    TABLAT
0x0FF6       [1]    TBLPTRL
0x0FF7       [1]    TBLPTRH
0x0FF8       [1]    TBLPTRU
